Celf ver 2.9. Copyright (C) 2011
[reading alicebob.clf]
character: type.
alice: character.
bob: character.
room: type.
front_hall: room.
bathroom: room.
courtyard: room.
bedroom: room.
adj: room -> room -> type.
-: adj front_hall bathroom.
-: adj front_hall bedroom.
-: adj front_hall courtyard.
-: adj bathroom front_hall.
-: adj bathroom courtyard.
-: adj bathroom bedroom.
-: adj courtyard front_hall.
-: adj courtyard bathroom.
-: adj courtyard bedroom.
-: adj bedroom front_hall.
-: adj bedroom bathroom.
-: adj bedroom courtyard.
loc: character -> room -> type.
object: type.
revolver: object.
maltese_falcon: object.
dead_body: object.
portable: object -> type.
portable/revolver: portable revolver.
portable/mf: portable maltese_falcon.
object_loc: type.
has: character -> object_loc.
inroom: room -> object_loc.
loc_o: object -> object_loc -> type.
init: Type = {loc alice bedroom * (loc bob front_hall * (loc_o revolver (inroom !bedroom) * (loc_o maltese_falcon (inroom !courtyard) * loc_o dead_body (inroom !bathroom))))}.
move: Pi C: character. Pi R: room. Pi R': room. (loc C R * adj R R') -o {loc C R'}.
pickup: Pi C: character. Pi R: room. Pi O: object. (loc C R * (loc_o O (inroom !R) * portable O)) -o {loc C R * loc_o O (has !C)}.
drop: Pi C: character. Pi R: room. Pi O: object. (loc C R * loc_o O (has !C)) -o {loc C R * loc_o O (inroom !R)}.
observe: Pi C: character. Pi R: room. Pi O: object. (loc C R * loc_o O (inroom !R)) -o {loc C R * loc_o O (inroom !R)}.
comment_on_location: Pi C: character. Pi C': character. Pi R: room. (loc C R * loc C' R) -o {loc C R * loc C' R}.
greet: Pi C: character. Pi C': character. Pi R: room. (loc C R * loc C' R) -o {loc C R * loc C' R}.
observe_with: Pi C: character. Pi C': character. Pi R: room. Pi O: object. (loc C R * (loc C' R * loc_o O (has !C'))) -o {loc C R * (loc C' R * loc_o O (has !C'))}.
threaten_with_revolver: Pi C: character. Pi C': character. Pi R: room. (loc C R * (loc C' R * loc_o revolver (has !C))) -o {loc C R * (loc C' R * loc_o revolver (has !C))}.
leave: Pi C: character. Pi C': character. (loc C front_hall * loc C' front_hall) -o {1}.
Trace * init
-- init lin
-- loc alice bedroom lin, loc bob front_hall lin, 
   loc_o revolver (inroom !bedroom) lin, 
   loc_o maltese_falcon (inroom !courtyard) lin, 
   loc_o dead_body (inroom !bathroom) lin
-- loc alice bedroom lin, loc_o revolver (inroom !bedroom) lin, 
   loc_o maltese_falcon (inroom !courtyard) lin, 
   loc_o dead_body (inroom !bathroom) lin, loc bob bedroom lin
-- loc_o revolver (inroom !bedroom) lin, 
   loc_o maltese_falcon (inroom !courtyard) lin, 
   loc_o dead_body (inroom !bathroom) lin, loc alice bedroom lin, 
   loc bob bedroom lin
-- loc_o revolver (inroom !bedroom) lin, 
   loc_o maltese_falcon (inroom !courtyard) lin, 
   loc_o dead_body (inroom !bathroom) lin, loc alice bedroom lin, 
   loc bob courtyard lin
-- loc_o revolver (inroom !bedroom) lin, 
   loc_o maltese_falcon (inroom !courtyard) lin, 
   loc_o dead_body (inroom !bathroom) lin, loc alice bedroom lin, 
   loc bob bathroom lin
-- loc_o maltese_falcon (inroom !courtyard) lin, 
   loc_o dead_body (inroom !bathroom) lin, loc bob bathroom lin, 
   loc alice bedroom lin, loc_o revolver (has !alice) lin
-- loc_o maltese_falcon (inroom !courtyard) lin, loc alice bedroom lin, 
   loc_o revolver (has !alice) lin, loc bob bathroom lin, 
   loc_o dead_body (inroom !bathroom) lin
-- loc_o maltese_falcon (inroom !courtyard) lin, loc alice bedroom lin, 
   loc_o revolver (has !alice) lin, loc bob bathroom lin, 
   loc_o dead_body (inroom !bathroom) lin
-- loc_o maltese_falcon (inroom !courtyard) lin, loc alice bedroom lin, 
   loc_o revolver (has !alice) lin, loc bob bathroom lin, 
   loc_o dead_body (inroom !bathroom) lin
-- loc_o maltese_falcon (inroom !courtyard) lin, loc bob bathroom lin, 
   loc_o dead_body (inroom !bathroom) lin, loc alice bedroom lin, 
   loc_o revolver (inroom !bedroom) lin
-- loc_o maltese_falcon (inroom !courtyard) lin, loc bob bathroom lin, 
   loc_o dead_body (inroom !bathroom) lin, loc alice bedroom lin, 
   loc_o revolver (inroom !bedroom) lin
-- loc_o maltese_falcon (inroom !courtyard) lin, loc bob bathroom lin, 
   loc_o dead_body (inroom !bathroom) lin, 
   loc_o revolver (inroom !bedroom) lin, loc alice front_hall lin
-- loc_o maltese_falcon (inroom !courtyard) lin, loc bob bathroom lin, 
   loc_o dead_body (inroom !bathroom) lin, 
   loc_o revolver (inroom !bedroom) lin, loc alice bathroom lin
-- loc_o maltese_falcon (inroom !courtyard) lin, 
   loc_o revolver (inroom !bedroom) lin, loc alice bathroom lin, 
   loc bob bathroom lin, loc_o dead_body (inroom !bathroom) lin
-- loc_o maltese_falcon (inroom !courtyard) lin, 
   loc_o revolver (inroom !bedroom) lin, loc bob bathroom lin, 
   loc alice bathroom lin, loc_o dead_body (inroom !bathroom) lin
-- loc_o maltese_falcon (inroom !courtyard) lin, 
   loc_o revolver (inroom !bedroom) lin, loc bob bathroom lin, 
   loc alice bathroom lin, loc_o dead_body (inroom !bathroom) lin
-- loc_o maltese_falcon (inroom !courtyard) lin, 
   loc_o revolver (inroom !bedroom) lin, loc alice bathroom lin, 
   loc_o dead_body (inroom !bathroom) lin, loc bob front_hall lin
-- loc_o maltese_falcon (inroom !courtyard) lin, 
   loc_o revolver (inroom !bedroom) lin, 
   loc_o dead_body (inroom !bathroom) lin, loc bob front_hall lin, 
   loc alice courtyard lin
-- loc_o revolver (inroom !bedroom) lin, 
   loc_o dead_body (inroom !bathroom) lin, loc bob front_hall lin, 
   loc alice courtyard lin, loc_o maltese_falcon (has !alice) lin
-- loc_o revolver (inroom !bedroom) lin, 
   loc_o dead_body (inroom !bathroom) lin, loc bob front_hall lin, 
   loc alice courtyard lin, loc_o maltese_falcon (inroom !courtyard) lin
-- loc_o revolver (inroom !bedroom) lin, 
   loc_o dead_body (inroom !bathroom) lin, loc bob front_hall lin, 
   loc alice courtyard lin, loc_o maltese_falcon (inroom !courtyard) lin
-- loc_o revolver (inroom !bedroom) lin, 
   loc_o dead_body (inroom !bathroom) lin, loc bob front_hall lin, 
   loc alice courtyard lin, loc_o maltese_falcon (has !alice) lin
-- loc_o revolver (inroom !bedroom) lin, 
   loc_o dead_body (inroom !bathroom) lin, loc bob front_hall lin, 
   loc alice courtyard lin, loc_o maltese_falcon (inroom !courtyard) lin
-- loc_o revolver (inroom !bedroom) lin, 
   loc_o dead_body (inroom !bathroom) lin, loc bob front_hall lin, 
   loc alice courtyard lin, loc_o maltese_falcon (has !alice) lin
-- loc_o revolver (inroom !bedroom) lin, 
   loc_o dead_body (inroom !bathroom) lin, loc bob front_hall lin, 
   loc alice courtyard lin, loc_o maltese_falcon (inroom !courtyard) lin
-- loc_o revolver (inroom !bedroom) lin, 
   loc_o dead_body (inroom !bathroom) lin, loc bob front_hall lin, 
   loc alice courtyard lin, loc_o maltese_falcon (has !alice) lin
-- loc_o revolver (inroom !bedroom) lin, 
   loc_o dead_body (inroom !bathroom) lin, loc alice courtyard lin, 
   loc_o maltese_falcon (has !alice) lin, loc bob courtyard lin
-- loc_o revolver (inroom !bedroom) lin, 
   loc_o dead_body (inroom !bathroom) lin, 
   loc_o maltese_falcon (has !alice) lin, loc alice courtyard lin, 
   loc bob courtyard lin
-- loc_o revolver (inroom !bedroom) lin, 
   loc_o dead_body (inroom !bathroom) lin, loc bob courtyard lin, 
   loc alice courtyard lin, loc_o maltese_falcon (inroom !courtyard) lin
-- loc_o revolver (inroom !bedroom) lin, 
   loc_o dead_body (inroom !bathroom) lin, 
   loc_o maltese_falcon (inroom !courtyard) lin, loc bob courtyard lin, 
   loc alice courtyard lin
-- loc_o revolver (inroom !bedroom) lin, 
   loc_o dead_body (inroom !bathroom) lin, loc alice courtyard lin, 
   loc bob courtyard lin, loc_o maltese_falcon (has !bob) lin
-- loc_o revolver (inroom !bedroom) lin, 
   loc_o dead_body (inroom !bathroom) lin, loc_o maltese_falcon (has !bob) lin, 
   loc bob courtyard lin, loc alice courtyard lin
-- loc_o revolver (inroom !bedroom) lin, 
   loc_o dead_body (inroom !bathroom) lin, loc_o maltese_falcon (has !bob) lin, 
   loc bob courtyard lin, loc alice front_hall lin
-- loc_o revolver (inroom !bedroom) lin, 
   loc_o dead_body (inroom !bathroom) lin, loc_o maltese_falcon (has !bob) lin, 
   loc alice front_hall lin, loc bob front_hall lin
-- loc_o revolver (inroom !bedroom) lin, 
   loc_o dead_body (inroom !bathroom) lin, loc_o maltese_falcon (has !bob) lin
Success: 35 steps
Query (*, *, *, 10) (loc alice bedroom * (loc bob front_hall * (loc_o revolver (inroom !bedroom) * (loc_o maltese_falcon (inroom !courtyard) * loc_o dead_body (inroom !bathroom))))) -o {loc_o maltese_falcon #MFloc * (loc_o dead_body #DBloc * loc_o revolver #RevolverLoc)}.
Iteration 1
Solution: \[X1, [X2, [X3, [X4, X5]]]]. {
    let {[X6, X7]} = pickup !alice !bedroom !revolver [X1, [X3, portable/revolver]] in 
    let {X8} = move !alice !bedroom !courtyard [X6, -11] in 
    let {X9} = move !bob !front_hall !bathroom [X2, -] in 
    let {[X10, X11]} = pickup !alice !courtyard !maltese_falcon [X8, [X4, portable/mf]] in 
    let {X12} = move !alice !courtyard !front_hall [X10, -6] in 
    let {[X13, X14]} = drop !alice !front_hall !maltese_falcon [X12, X11] in 
    let {[X15, X16]} = drop !alice !front_hall !revolver [X13, X7] in 
    let {[X17, X18]} = pickup !alice !front_hall !maltese_falcon [X15, [X14, portable/mf]] in 
    let {[X19, X20]} = drop !alice !front_hall !maltese_falcon [X17, X18] in 
    let {[X21, X22]} = pickup !alice !front_hall !maltese_falcon [X19, [X20, portable/mf]] in 
    let {X23} = move !bob !bathroom !courtyard [X9, -4] in 
    let {X24} = move !bob !courtyard !bathroom [X23, -7] in 
    let {[X25, X26]} = observe !bob !bathroom !dead_body [X24, X5] in 
    let {[X27, X28]} = pickup !alice !front_hall !revolver [X21, [X16, portable/revolver]] in 
    let {X29} = move !bob !bathroom !front_hall [X25, -3] in 
    let {[X30, X31]} = greet !alice !bob !front_hall [X27, X29] in 
    let {[X32, X33]} = comment_on_location !alice !bob !front_hall [X30, X31] in 
    let {1} = leave [X33, X32] in [X22, [X26, X28]]}
 #DBloc = inroom !bathroom
 #MFloc = has !alice
 #RevolverLoc = has !alice
Iteration 2
Solution: \[X1, [X2, [X3, [X4, X5]]]]. {
    let {[X6, X7]} = observe !alice !bedroom !revolver [X1, X3] in 
    let {[X8, X9]} = pickup !alice !bedroom !revolver [X6, [X7, portable/revolver]] in 
    let {X10} = move !bob !front_hall !bathroom [X2, -] in 
    let {[X11, X12]} = drop !alice !bedroom !revolver [X8, X9] in 
    let {X13} = move !bob !bathroom !front_hall [X10, -3] in 
    let {[X14, X15]} = pickup !alice !bedroom !revolver [X11, [X12, portable/revolver]] in 
    let {X16} = move !bob !front_hall !bedroom [X13, -1] in 
    let {[X17, X18]} = comment_on_location !alice !bob !bedroom [X14, X16] in 
    let {[X19, [X20, X21]]} = observe_with !bob !alice !bedroom !revolver [X18, [X17, X15]] in 
    let {X22} = move !alice !bedroom !front_hall [X20, -9] in 
    let {X23} = move !bob !bedroom !front_hall [X19, -9] in 
    let {1} = leave [X22, X23] in [X4, [X5, X21]]}
 #DBloc = inroom !bathroom
 #MFloc = inroom !courtyard
 #RevolverLoc = has !alice
Iteration 3
Solution: \[X1, [X2, [X3, [X4, X5]]]]. {
    let {[X6, X7]} = observe !alice !bedroom !revolver [X1, X3] in 
    let {[X8, X9]} = observe !alice !bedroom !revolver [X6, X7] in 
    let {[X10, X11]} = pickup !alice !bedroom !revolver [X8, [X9, portable/revolver]] in 
    let {[X12, X13]} = drop !alice !bedroom !revolver [X10, X11] in 
    let {[X14, X15]} = pickup !alice !bedroom !revolver [X12, [X13, portable/revolver]] in 
    let {X16} = move !alice !bedroom !bathroom [X14, -10] in 
    let {[X17, X18]} = observe !alice !bathroom !dead_body [X16, X5] in 
    let {X19} = move !bob !front_hall !courtyard [X2, -2] in 
    let {[X20, X21]} = drop !alice !bathroom !revolver [X17, X15] in 
    let {X22} = move !alice !bathroom !courtyard [X20, -4] in 
    let {X23} = move !alice !courtyard !bathroom [X22, -7] in 
    let {[X24, X25]} = observe !alice !bathroom !revolver [X23, X21] in 
    let {[X26, X27]} = pickup !alice !bathroom !revolver [X24, [X25, portable/revolver]] in 
    let {[X28, X29]} = pickup !bob !courtyard !maltese_falcon [X19, [X4, portable/mf]] in 
    let {[X30, X31]} = drop !alice !bathroom !revolver [X26, X27] in 
    let {X32} = move !alice !bathroom !front_hall [X30, -3] in 
    let {X33} = move !alice !front_hall !bathroom [X32, -] in 
    let {[X34, X35]} = drop !bob !courtyard !maltese_falcon [X28, X29] in 
    let {[X36, X37]} = pickup !alice !bathroom !revolver [X33, [X31, portable/revolver]] in 
    let {X38} = move !alice !bathroom !front_hall [X36, -3] in 
    let {[X39, X40]} = observe !bob !courtyard !maltese_falcon [X34, X35] in 
    let {[X41, X42]} = pickup !bob !courtyard !maltese_falcon [X39, [X40, portable/mf]] in 
    let {X43} = move !alice !front_hall !bedroom [X38, -1] in 
    let {X44} = move !alice !bedroom !front_hall [X43, -9] in 
    let {X45} = move !alice !front_hall !bathroom [X44, -] in 
    let {[X46, X47]} = drop !alice !bathroom !revolver [X45, X37] in 
    let {[X48, X49]} = pickup !alice !bathroom !revolver [X46, [X47, portable/revolver]] in 
    let {[X50, X51]} = drop !alice !bathroom !revolver [X48, X49] in 
    let {[X52, X53]} = pickup !alice !bathroom !revolver [X50, [X51, portable/revolver]] in 
    let {[X54, X55]} = drop !bob !courtyard !maltese_falcon [X41, X42] in 
    let {[X56, X57]} = observe !bob !courtyard !maltese_falcon [X54, X55] in 
    let {X58} = move !bob !courtyard !bathroom [X56, -7] in 
    let {[X59, X60]} = drop !alice !bathroom !revolver [X52, X53] in 
    let {[X61, X62]} = greet !alice !bob !bathroom [X59, X58] in 
    let {[X63, X64]} = greet !bob !alice !bathroom [X62, X61] in 
    let {[X65, X66]} = observe !alice !bathroom !dead_body [X64, X18] in 
    let {[X67, X68]} = observe !alice !bathroom !revolver [X65, X60] in 
    let {[X69, X70]} = greet !alice !bob !bathroom [X67, X63] in 
    let {[X71, X72]} = comment_on_location !alice !bob !bathroom [X69, X70] in 
    let {[X73, X74]} = observe !bob !bathroom !dead_body [X72, X66] in 
    let {[X75, X76]} = observe !alice !bathroom !dead_body [X71, X74] in 
    let {[X77, X78]} = observe !alice !bathroom !dead_body [X75, X76] in 
    let {[X79, X80]} = pickup !alice !bathroom !revolver [X77, [X68, portable/revolver]] in 
    let {[X81, [X82, X83]]} = observe_with !bob !alice !bathroom !revolver [X73, [X79, X80]] in 
    let {[X84, X85]} = comment_on_location !alice !bob !bathroom [X82, X81] in 
    let {[X86, X87]} = greet !bob !alice !bathroom [X85, X84] in 
    let {[X88, X89]} = observe !bob !bathroom !dead_body [X86, X78] in 
    let {[X90, X91]} = greet !alice !bob !bathroom [X87, X88] in 
    let {[X92, [X93, X94]]} = threaten_with_revolver !alice !bob !bathroom [X90, [X91, X83]] in 
    let {[X95, X96]} = observe !bob !bathroom !dead_body [X93, X89] in 
    let {[X97, [X98, X99]]} = observe_with !bob !alice !bathroom !revolver [X95, [X92, X94]] in 
    let {[X100, [X101, X102]]} = observe_with !bob !alice !bathroom !revolver [X97, [X98, X99]] in 
    let {[X103, X104]} = drop !alice !bathroom !revolver [X101, X102] in 
    let {[X105, X106]} = greet !bob !alice !bathroom [X100, X103] in 
    let {[X107, X108]} = greet !alice !bob !bathroom [X106, X105] in 
    let {X109} = move !bob !bathroom !bedroom [X108, -5] in 
    let {[X110, X111]} = observe !alice !bathroom !revolver [X107, X104] in 
    let {[X112, X113]} = pickup !alice !bathroom !revolver [X110, [X111, portable/revolver]] in 
    let {[X114, X115]} = observe !alice !bathroom !dead_body [X112, X96] in 
    let {[X116, X117]} = drop !alice !bathroom !revolver [X114, X113] in 
    let {[X118, X119]} = observe !alice !bathroom !dead_body [X116, X115] in 
    let {[X120, X121]} = observe !alice !bathroom !revolver [X118, X117] in 
    let {[X122, X123]} = observe !alice !bathroom !dead_body [X120, X119] in 
    let {[X124, X125]} = pickup !alice !bathroom !revolver [X122, [X121, portable/revolver]] in 
    let {[X126, X127]} = observe !alice !bathroom !dead_body [X124, X123] in 
    let {[X128, X129]} = drop !alice !bathroom !revolver [X126, X125] in 
    let {[X130, X131]} = observe !alice !bathroom !dead_body [X128, X127] in 
    let {[X132, X133]} = pickup !alice !bathroom !revolver [X130, [X129, portable/revolver]] in 
    let {X134} = move !bob !bedroom !bathroom [X109, -10] in 
    let {X135} = move !bob !bathroom !front_hall [X134, -3] in 
    let {X136} = move !bob !front_hall !bedroom [X135, -1] in 
    let {X137} = move !bob !bedroom !front_hall [X136, -9] in 
    let {X138} = move !alice !bathroom !courtyard [X132, -4] in 
    let {[X139, X140]} = observe !alice !courtyard !maltese_falcon [X138, X57] in 
    let {[X141, X142]} = observe !alice !courtyard !maltese_falcon [X139, X140] in 
    let {[X143, X144]} = observe !alice !courtyard !maltese_falcon [X141, X142] in 
    let {[X145, X146]} = drop !alice !courtyard !revolver [X143, X133] in 
    let {[X147, X148]} = observe !alice !courtyard !maltese_falcon [X145, X144] in 
    let {X149} = move !alice !courtyard !bedroom [X147, -8] in 
    let {X150} = move !bob !front_hall !bedroom [X137, -1] in 
    let {[X151, X152]} = comment_on_location !bob !alice !bedroom [X150, X149] in 
    let {[X153, X154]} = greet !bob !alice !bedroom [X151, X152] in 
    let {[X155, X156]} = comment_on_location !bob !alice !bedroom [X153, X154] in 
    let {[X157, X158]} = comment_on_location !bob !alice !bedroom [X155, X156] in 
    let {X159} = move !bob !bedroom !front_hall [X157, -9] in 
    let {X160} = move !alice !bedroom !front_hall [X158, -9] in 
    let {1} = leave [X159, X160] in [X148, [X131, X146]]}
 #DBloc = inroom !bathroom
 #MFloc = inroom !courtyard
 #RevolverLoc = inroom !courtyard
Iteration 4
Solution: \[X1, [X2, [X3, [X4, X5]]]]. {
    let {X6} = move !bob !front_hall !courtyard [X2, -2] in 
    let {[X7, X8]} = observe !alice !bedroom !revolver [X1, X3] in 
    let {[X9, X10]} = pickup !alice !bedroom !revolver [X7, [X8, portable/revolver]] in 
    let {X11} = move !bob !courtyard !bedroom [X6, -8] in 
    let {[X12, X13]} = comment_on_location !alice !bob !bedroom [X9, X11] in 
    let {[X14, [X15, X16]]} = threaten_with_revolver !alice !bob !bedroom [X12, [X13, X10]] in 
    let {[X17, X18]} = comment_on_location !alice !bob !bedroom [X14, X15] in 
    let {[X19, X20]} = comment_on_location !alice !bob !bedroom [X17, X18] in 
    let {[X21, X22]} = comment_on_location !bob !alice !bedroom [X20, X19] in 
    let {X23} = move !bob !bedroom !front_hall [X21, -9] in 
    let {[X24, X25]} = drop !alice !bedroom !revolver [X22, X16] in 
    let {X26} = move !bob !front_hall !bathroom [X23, -] in 
    let {[X27, X28]} = pickup !alice !bedroom !revolver [X24, [X25, portable/revolver]] in 
    let {[X29, X30]} = drop !alice !bedroom !revolver [X27, X28] in 
    let {[X31, X32]} = pickup !alice !bedroom !revolver [X29, [X30, portable/revolver]] in 
    let {[X33, X34]} = observe !bob !bathroom !dead_body [X26, X5] in 
    let {X35} = move !alice !bedroom !bathroom [X31, -10] in 
    let {[X36, [X37, X38]]} = threaten_with_revolver !alice !bob !bathroom [X35, [X33, X32]] in 
    let {[X39, X40]} = comment_on_location !bob !alice !bathroom [X37, X36] in 
    let {[X41, [X42, X43]]} = observe_with !bob !alice !bathroom !revolver [X39, [X40, X38]] in 
    let {[X44, X45]} = comment_on_location !alice !bob !bathroom [X42, X41] in 
    let {[X46, [X47, X48]]} = observe_with !bob !alice !bathroom !revolver [X45, [X44, X43]] in 
    let {X49} = move !bob !bathroom !front_hall [X46, -3] in 
    let {X50} = move !alice !bathroom !bedroom [X47, -5] in 
    let {X51} = move !alice !bedroom !front_hall [X50, -9] in 
    let {[X52, X53]} = greet !alice !bob !front_hall [X51, X49] in 
    let {1} = leave [X52, X53] in [X4, [X34, X48]]}
 #DBloc = inroom !bathroom
 #MFloc = inroom !courtyard
 #RevolverLoc = has !alice
Iteration 5
Solution: \[X1, [X2, [X3, [X4, X5]]]]. {
    let {X6} = move !bob !front_hall !courtyard [X2, -2] in 
    let {X7} = move !alice !bedroom !bathroom [X1, -10] in 
    let {[X8, X9]} = observe !alice !bathroom !dead_body [X7, X5] in 
    let {X10} = move !bob !courtyard !bedroom [X6, -8] in 
    let {[X11, X12]} = pickup !bob !bedroom !revolver [X10, [X3, portable/revolver]] in 
    let {[X13, X14]} = drop !bob !bedroom !revolver [X11, X12] in 
    let {[X15, X16]} = observe !bob !bedroom !revolver [X13, X14] in 
    let {[X17, X18]} = pickup !bob !bedroom !revolver [X15, [X16, portable/revolver]] in 
    let {X19} = move !alice !bathroom !bedroom [X8, -5] in 
    let {[X20, [X21, X22]]} = observe_with !alice !bob !bedroom !revolver [X19, [X17, X18]] in 
    let {[X23, X24]} = greet !alice !bob !bedroom [X20, X21] in 
    let {[X25, X26]} = comment_on_location !bob !alice !bedroom [X24, X23] in 
    let {[X27, X28]} = greet !bob !alice !bedroom [X25, X26] in 
    let {[X29, X30]} = comment_on_location !alice !bob !bedroom [X28, X27] in 
    let {[X31, X32]} = greet !bob !alice !bedroom [X30, X29] in 
    let {[X33, X34]} = comment_on_location !bob !alice !bedroom [X31, X32] in 
    let {X35} = move !bob !bedroom !courtyard [X33, -11] in 
    let {[X36, X37]} = pickup !bob !courtyard !maltese_falcon [X35, [X4, portable/mf]] in 
    let {X38} = move !alice !bedroom !bathroom [X34, -10] in 
    let {[X39, X40]} = observe !alice !bathroom !dead_body [X38, X9] in 
    let {[X41, X42]} = observe !alice !bathroom !dead_body [X39, X40] in 
    let {[X43, X44]} = drop !bob !courtyard !maltese_falcon [X36, X37] in 
    let {[X45, X46]} = drop !bob !courtyard !revolver [X43, X22] in 
    let {X47} = move !bob !courtyard !bathroom [X45, -7] in 
    let {[X48, X49]} = comment_on_location !alice !bob !bathroom [X41, X47] in 
    let {[X50, X51]} = comment_on_location !alice !bob !bathroom [X48, X49] in 
    let {X52} = move !bob !bathroom !courtyard [X51, -4] in 
    let {[X53, X54]} = pickup !bob !courtyard !revolver [X52, [X46, portable/revolver]] in 
    let {[X55, X56]} = drop !bob !courtyard !revolver [X53, X54] in 
    let {[X57, X58]} = observe !alice !bathroom !dead_body [X50, X42] in 
    let {[X59, X60]} = observe !alice !bathroom !dead_body [X57, X58] in 
    let {[X61, X62]} = pickup !bob !courtyard !maltese_falcon [X55, [X44, portable/mf]] in 
    let {[X63, X64]} = pickup !bob !courtyard !revolver [X61, [X56, portable/revolver]] in 
    let {[X65, X66]} = drop !bob !courtyard !maltese_falcon [X63, X62] in 
    let {[X67, X68]} = drop !bob !courtyard !revolver [X65, X64] in 
    let {[X69, X70]} = observe !alice !bathroom !dead_body [X59, X60] in 
    let {[X71, X72]} = observe !alice !bathroom !dead_body [X69, X70] in 
    let {X73} = move !alice !bathroom !bedroom [X71, -5] in 
    let {X74} = move !alice !bedroom !bathroom [X73, -10] in 
    let {[X75, X76]} = pickup !bob !courtyard !maltese_falcon [X67, [X66, portable/mf]] in 
    let {[X77, X78]} = pickup !bob !courtyard !revolver [X75, [X68, portable/revolver]] in 
    let {[X79, X80]} = drop !bob !courtyard !revolver [X77, X78] in 
    let {X81} = move !alice !bathroom !front_hall [X74, -3] in 
    let {[X82, X83]} = pickup !bob !courtyard !revolver [X79, [X80, portable/revolver]] in 
    let {[X84, X85]} = drop !bob !courtyard !maltese_falcon [X82, X76] in 
    let {[X86, X87]} = pickup !bob !courtyard !maltese_falcon [X84, [X85, portable/mf]] in 
    let {X88} = move !alice !front_hall !courtyard [X81, -2] in 
    let {X89} = move !bob !courtyard !bathroom [X86, -7] in 
    let {[X90, X91]} = observe !bob !bathroom !dead_body [X89, X72] in 
    let {[X92, X93]} = drop !bob !bathroom !revolver [X90, X83] in 
    let {[X94, X95]} = drop !bob !bathroom !maltese_falcon [X92, X87] in 
    let {[X96, X97]} = pickup !bob !bathroom !revolver [X94, [X93, portable/revolver]] in 
    let {[X98, X99]} = pickup !bob !bathroom !maltese_falcon [X96, [X95, portable/mf]] in 
    let {[X100, X101]} = drop !bob !bathroom !maltese_falcon [X98, X99] in 
    let {X102} = move !bob !bathroom !bedroom [X100, -5] in 
    let {[X103, X104]} = drop !bob !bedroom !revolver [X102, X97] in 
    let {[X105, X106]} = pickup !bob !bedroom !revolver [X103, [X104, portable/revolver]] in 
    let {[X107, X108]} = drop !bob !bedroom !revolver [X105, X106] in 
    let {X109} = move !bob !bedroom !bathroom [X107, -10] in 
    let {[X110, X111]} = observe !bob !bathroom !dead_body [X109, X91] in 
    let {X112} = move !alice !courtyard !bedroom [X88, -8] in 
    let {[X113, X114]} = observe !bob !bathroom !maltese_falcon [X110, X101] in 
    let {[X115, X116]} = observe !bob !bathroom !maltese_falcon [X113, X114] in 
    let {[X117, X118]} = observe !alice !bedroom !revolver [X112, X108] in 
    let {[X119, X120]} = observe !alice !bedroom !revolver [X117, X118] in 
    let {[X121, X122]} = pickup !bob !bathroom !maltese_falcon [X115, [X116, portable/mf]] in 
    let {[X123, X124]} = pickup !alice !bedroom !revolver [X119, [X120, portable/revolver]] in 
    let {[X125, X126]} = drop !bob !bathroom !maltese_falcon [X121, X122] in 
    let {[X127, X128]} = pickup !bob !bathroom !maltese_falcon [X125, [X126, portable/mf]] in 
    let {[X129, X130]} = drop !alice !bedroom !revolver [X123, X124] in 
    let {[X131, X132]} = pickup !alice !bedroom !revolver [X129, [X130, portable/revolver]] in 
    let {X133} = move !alice !bedroom !front_hall [X131, -9] in 
    let {[X134, X135]} = drop !bob !bathroom !maltese_falcon [X127, X128] in 
    let {X136} = move !alice !front_hall !courtyard [X133, -2] in 
    let {[X137, X138]} = drop !alice !courtyard !revolver [X136, X132] in 
    let {[X139, X140]} = observe !alice !courtyard !revolver [X137, X138] in 
    let {X141} = move !bob !bathroom !bedroom [X134, -5] in 
    let {[X142, X143]} = pickup !alice !courtyard !revolver [X139, [X140, portable/revolver]] in 
    let {X144} = move !alice !courtyard !bedroom [X142, -8] in 
    let {[X145, X146]} = comment_on_location !alice !bob !bedroom [X144, X141] in 
    let {X147} = move !alice !bedroom !front_hall [X145, -9] in 
    let {X148} = move !alice !front_hall !bathroom [X147, -] in 
    let {X149} = move !alice !bathroom !front_hall [X148, -3] in 
    let {X150} = move !alice !front_hall !bedroom [X149, -1] in 
    let {[X151, [X152, X153]]} = threaten_with_revolver !alice !bob !bedroom [X150, [X146, X143]] in 
    let {X154} = move !alice !bedroom !bathroom [X151, -10] in 
    let {[X155, X156]} = observe !alice !bathroom !dead_body [X154, X111] in 
    let {[X157, X158]} = pickup !alice !bathroom !maltese_falcon [X155, [X135, portable/mf]] in 
    let {X159} = move !bob !bedroom !courtyard [X152, -11] in 
    let {[X160, X161]} = drop !alice !bathroom !maltese_falcon [X157, X158] in 
    let {[X162, X163]} = drop !alice !bathroom !revolver [X160, X153] in 
    let {[X164, X165]} = observe !alice !bathroom !revolver [X162, X163] in 
    let {[X166, X167]} = observe !alice !bathroom !maltese_falcon [X164, X161] in 
    let {X168} = move !alice !bathroom !courtyard [X166, -4] in 
    let {[X169, X170]} = greet !bob !alice !courtyard [X159, X168] in 
    let {[X171, X172]} = greet !alice !bob !courtyard [X170, X169] in 
    let {X173} = move !alice !courtyard !bathroom [X171, -7] in 
    let {[X174, X175]} = observe !alice !bathroom !maltese_falcon [X173, X167] in 
    let {[X176, X177]} = observe !alice !bathroom !dead_body [X174, X156] in 
    let {[X178, X179]} = observe !alice !bathroom !dead_body [X176, X177] in 
    let {[X180, X181]} = pickup !alice !bathroom !maltese_falcon [X178, [X175, portable/mf]] in 
    let {X182} = move !bob !courtyard !front_hall [X172, -6] in 
    let {[X183, X184]} = pickup !alice !bathroom !revolver [X180, [X165, portable/revolver]] in 
    let {X185} = move !bob !front_hall !bathroom [X182, -] in 
    let {[X186, X187]} = observe !bob !bathroom !dead_body [X185, X179] in 
    let {[X188, [X189, X190]]} = observe_with !bob !alice !bathroom !maltese_falcon [X186, [X183, X181]] in 
    let {X191} = move !bob !bathroom !bedroom [X188, -5] in 
    let {[X192, X193]} = observe !alice !bathroom !dead_body [X189, X187] in 
    let {X194} = move !alice !bathroom !courtyard [X192, -4] in 
    let {X195} = move !alice !courtyard !bedroom [X194, -8] in 
    let {[X196, X197]} = drop !alice !bedroom !revolver [X195, X184] in 
    let {X198} = move !bob !bedroom !courtyard [X191, -11] in 
    let {X199} = move !alice !bedroom !front_hall [X196, -9] in 
    let {X200} = move !bob !courtyard !front_hall [X198, -6] in 
    let {[X201, X202]} = greet !bob !alice !front_hall [X200, X199] in 
    let {[X203, [X204, X205]]} = observe_with !bob !alice !front_hall !maltese_falcon [X201, [X202, X190]] in 
    let {[X206, [X207, X208]]} = observe_with !bob !alice !front_hall !maltese_falcon [X203, [X204, X205]] in 
    let {1} = leave [X206, X207] in [X208, [X193, X197]]}
 #DBloc = inroom !bathroom
 #MFloc = has !alice
 #RevolverLoc = inroom !bedroom
Iteration 6
Solution: \[X1, [X2, [X3, [X4, X5]]]]. {
    let {[X6, X7]} = observe !alice !bedroom !revolver [X1, X3] in 
    let {X8} = move !alice !bedroom !front_hall [X6, -9] in 
    let {[X9, X10]} = greet !bob !alice !front_hall [X2, X8] in 
    let {X11} = move !bob !front_hall !bedroom [X9, -1] in 
    let {[X12, X13]} = pickup !bob !bedroom !revolver [X11, [X7, portable/revolver]] in 
    let {[X14, X15]} = drop !bob !bedroom !revolver [X12, X13] in 
    let {X16} = move !alice !front_hall !bedroom [X10, -1] in 
    let {X17} = move !alice !bedroom !courtyard [X16, -11] in 
    let {[X18, X19]} = pickup !bob !bedroom !revolver [X14, [X15, portable/revolver]] in 
    let {[X20, X21]} = pickup !alice !courtyard !maltese_falcon [X17, [X4, portable/mf]] in 
    let {X22} = move !bob !bedroom !bathroom [X18, -10] in 
    let {X23} = move !bob !bathroom !bedroom [X22, -5] in 
    let {[X24, X25]} = drop !bob !bedroom !revolver [X23, X19] in 
    let {X26} = move !bob !bedroom !front_hall [X24, -9] in 
    let {[X27, X28]} = drop !alice !courtyard !maltese_falcon [X20, X21] in 
    let {[X29, X30]} = pickup !alice !courtyard !maltese_falcon [X27, [X28, portable/mf]] in 
    let {X31} = move !alice !courtyard !bathroom [X29, -7] in 
    let {[X32, X33]} = drop !alice !bathroom !maltese_falcon [X31, X30] in 
    let {[X34, X35]} = observe !alice !bathroom !maltese_falcon [X32, X33] in 
    let {[X36, X37]} = pickup !alice !bathroom !maltese_falcon [X34, [X35, portable/mf]] in 
    let {[X38, X39]} = observe !alice !bathroom !dead_body [X36, X5] in 
    let {[X40, X41]} = observe !alice !bathroom !dead_body [X38, X39] in 
    let {[X42, X43]} = observe !alice !bathroom !dead_body [X40, X41] in 
    let {X44} = move !alice !bathroom !bedroom [X42, -5] in 
    let {[X45, X46]} = pickup !alice !bedroom !revolver [X44, [X25, portable/revolver]] in 
    let {X47} = move !alice !bedroom !front_hall [X45, -9] in 
    let {[X48, X49]} = drop !alice !front_hall !maltese_falcon [X47, X37] in 
    let {[X50, X51]} = observe !alice !front_hall !maltese_falcon [X48, X49] in 
    let {[X52, [X53, X54]]} = threaten_with_revolver !alice !bob !front_hall [X50, [X26, X46]] in 
    let {1} = leave [X53, X52] in [X51, [X43, X54]]}
 #DBloc = inroom !bathroom
 #MFloc = inroom !front_hall
 #RevolverLoc = has !alice
Iteration 7
Solution: \[X1, [X2, [X3, [X4, X5]]]]. {
    let {[X6, X7]} = pickup !alice !bedroom !revolver [X1, [X3, portable/revolver]] in 
    let {[X8, X9]} = drop !alice !bedroom !revolver [X6, X7] in 
    let {[X10, X11]} = pickup !alice !bedroom !revolver [X8, [X9, portable/revolver]] in 
    let {X12} = move !bob !front_hall !bedroom [X2, -1] in 
    let {X13} = move !alice !bedroom !front_hall [X10, -9] in 
    let {[X14, X15]} = drop !alice !front_hall !revolver [X13, X11] in 
    let {X16} = move !alice !front_hall !courtyard [X14, -2] in 
    let {[X17, X18]} = observe !alice !courtyard !maltese_falcon [X16, X4] in 
    let {[X19, X20]} = observe !alice !courtyard !maltese_falcon [X17, X18] in 
    let {X21} = move !alice !courtyard !bedroom [X19, -8] in 
    let {[X22, X23]} = greet !bob !alice !bedroom [X12, X21] in 
    let {[X24, X25]} = greet !bob !alice !bedroom [X22, X23] in 
    let {X26} = move !alice !bedroom !front_hall [X25, -9] in 
    let {[X27, X28]} = observe !alice !front_hall !revolver [X26, X15] in 
    let {[X29, X30]} = observe !alice !front_hall !revolver [X27, X28] in 
    let {[X31, X32]} = pickup !alice !front_hall !revolver [X29, [X30, portable/revolver]] in 
    let {[X33, X34]} = drop !alice !front_hall !revolver [X31, X32] in 
    let {[X35, X36]} = pickup !alice !front_hall !revolver [X33, [X34, portable/revolver]] in 
    let {X37} = move !bob !bedroom !bathroom [X24, -10] in 
    let {[X38, X39]} = observe !bob !bathroom !dead_body [X37, X5] in 
    let {X40} = move !bob !bathroom !front_hall [X38, -3] in 
    let {[X41, X42]} = drop !alice !front_hall !revolver [X35, X36] in 
    let {1} = leave [X41, X40] in [X20, [X39, X42]]}
 #DBloc = inroom !bathroom
 #MFloc = inroom !courtyard
 #RevolverLoc = inroom !front_hall
Iteration 8
Solution: \[X1, [X2, [X3, [X4, X5]]]]. {
    let {X6} = move !bob !front_hall !bathroom [X2, -] in 
    let {[X7, X8]} = observe !bob !bathroom !dead_body [X6, X5] in 
    let {X9} = move !alice !bedroom !bathroom [X1, -10] in 
    let {[X10, X11]} = observe !alice !bathroom !dead_body [X9, X8] in 
    let {X12} = move !alice !bathroom !front_hall [X10, -3] in 
    let {X13} = move !alice !front_hall !bedroom [X12, -1] in 
    let {[X14, X15]} = observe !alice !bedroom !revolver [X13, X3] in 
    let {X16} = move !alice !bedroom !bathroom [X14, -10] in 
    let {[X17, X18]} = observe !alice !bathroom !dead_body [X16, X11] in 
    let {[X19, X20]} = greet !alice !bob !bathroom [X17, X7] in 
    let {[X21, X22]} = observe !alice !bathroom !dead_body [X19, X18] in 
    let {X23} = move !alice !bathroom !front_hall [X21, -3] in 
    let {[X24, X25]} = observe !bob !bathroom !dead_body [X20, X22] in 
    let {X26} = move !bob !bathroom !front_hall [X24, -3] in 
    let {[X27, X28]} = greet !alice !bob !front_hall [X23, X26] in 
    let {[X29, X30]} = greet !bob !alice !front_hall [X28, X27] in 
    let {[X31, X32]} = comment_on_location !bob !alice !front_hall [X29, X30] in 
    let {[X33, X34]} = comment_on_location !alice !bob !front_hall [X32, X31] in 
    let {X35} = move !bob !front_hall !bedroom [X34, -1] in 
    let {X36} = move !alice !front_hall !bathroom [X33, -] in 
    let {[X37, X38]} = observe !alice !bathroom !dead_body [X36, X25] in 
    let {X39} = move !alice !bathroom !front_hall [X37, -3] in 
    let {X40} = move !bob !bedroom !courtyard [X35, -11] in 
    let {X41} = move !bob !courtyard !front_hall [X40, -6] in 
    let {X42} = move !alice !front_hall !bathroom [X39, -] in 
    let {X43} = move !alice !bathroom !courtyard [X42, -4] in 
    let {[X44, X45]} = observe !alice !courtyard !maltese_falcon [X43, X4] in 
    let {[X46, X47]} = pickup !alice !courtyard !maltese_falcon [X44, [X45, portable/mf]] in 
    let {X48} = move !bob !front_hall !bedroom [X41, -1] in 
    let {[X49, X50]} = drop !alice !courtyard !maltese_falcon [X46, X47] in 
    let {X51} = move !alice !courtyard !front_hall [X49, -6] in 
    let {[X52, X53]} = observe !bob !bedroom !revolver [X48, X15] in 
    let {[X54, X55]} = observe !bob !bedroom !revolver [X52, X53] in 
    let {X56} = move !alice !front_hall !bathroom [X51, -] in 
    let {X57} = move !bob !bedroom !bathroom [X54, -10] in 
    let {[X58, X59]} = observe !alice !bathroom !dead_body [X56, X38] in 
    let {[X60, X61]} = comment_on_location !bob !alice !bathroom [X57, X58] in 
    let {X62} = move !alice !bathroom !front_hall [X61, -3] in 
    let {[X63, X64]} = observe !bob !bathroom !dead_body [X60, X59] in 
    let {X65} = move !alice !front_hall !bathroom [X62, -] in 
    let {[X66, X67]} = observe !bob !bathroom !dead_body [X63, X64] in 
    let {[X68, X69]} = comment_on_location !alice !bob !bathroom [X65, X66] in 
    let {[X70, X71]} = observe !bob !bathroom !dead_body [X69, X67] in 
    let {[X72, X73]} = comment_on_location !alice !bob !bathroom [X68, X70] in 
    let {X74} = move !alice !bathroom !bedroom [X72, -5] in 
    let {X75} = move !bob !bathroom !front_hall [X73, -3] in 
    let {[X76, X77]} = pickup !alice !bedroom !revolver [X74, [X55, portable/revolver]] in 
    let {[X78, X79]} = drop !alice !bedroom !revolver [X76, X77] in 
    let {X80} = move !alice !bedroom !courtyard [X78, -11] in 
    let {X81} = move !alice !courtyard !front_hall [X80, -6] in 
    let {[X82, X83]} = comment_on_location !alice !bob !front_hall [X81, X75] in 
    let {[X84, X85]} = comment_on_location !alice !bob !front_hall [X82, X83] in 
    let {X86} = move !alice !front_hall !bedroom [X84, -1] in 
    let {[X87, X88]} = pickup !alice !bedroom !revolver [X86, [X79, portable/revolver]] in 
    let {X89} = move !bob !front_hall !bedroom [X85, -1] in 
    let {[X90, [X91, X92]]} = observe_with !bob !alice !bedroom !revolver [X89, [X87, X88]] in 
    let {[X93, [X94, X95]]} = threaten_with_revolver !alice !bob !bedroom [X91, [X90, X92]] in 
    let {[X96, X97]} = drop !alice !bedroom !revolver [X93, X95] in 
    let {[X98, X99]} = observe !alice !bedroom !revolver [X96, X97] in 
    let {[X100, X101]} = greet !bob !alice !bedroom [X94, X98] in 
    let {X102} = move !alice !bedroom !bathroom [X101, -10] in 
    let {X103} = move !alice !bathroom !bedroom [X102, -5] in 
    let {X104} = move !alice !bedroom !front_hall [X103, -9] in 
    let {[X105, X106]} = observe !bob !bedroom !revolver [X100, X99] in 
    let {X107} = move !bob !bedroom !bathroom [X105, -10] in 
    let {[X108, X109]} = observe !bob !bathroom !dead_body [X107, X71] in 
    let {X110} = move !bob !bathroom !front_hall [X108, -3] in 
    let {1} = leave [X104, X110] in [X50, [X109, X106]]}
 #DBloc = inroom !bathroom
 #MFloc = inroom !courtyard
 #RevolverLoc = inroom !bedroom
Iteration 9
Solution: \[X1, [X2, [X3, [X4, X5]]]]. {
    let {[X6, X7]} = observe !alice !bedroom !revolver [X1, X3] in 
    let {X8} = move !alice !bedroom !courtyard [X6, -11] in 
    let {[X9, X10]} = pickup !alice !courtyard !maltese_falcon [X8, [X4, portable/mf]] in 
    let {[X11, X12]} = drop !alice !courtyard !maltese_falcon [X9, X10] in 
    let {[X13, X14]} = observe !alice !courtyard !maltese_falcon [X11, X12] in 
    let {X15} = move !alice !courtyard !bathroom [X13, -7] in 
    let {X16} = move !bob !front_hall !courtyard [X2, -2] in 
    let {[X17, X18]} = pickup !bob !courtyard !maltese_falcon [X16, [X14, portable/mf]] in 
    let {[X19, X20]} = drop !bob !courtyard !maltese_falcon [X17, X18] in 
    let {X21} = move !bob !courtyard !bathroom [X19, -7] in 
    let {[X22, X23]} = comment_on_location !alice !bob !bathroom [X15, X21] in 
    let {X24} = move !bob !bathroom !bedroom [X23, -5] in 
    let {[X25, X26]} = observe !alice !bathroom !dead_body [X22, X5] in 
    let {[X27, X28]} = observe !bob !bedroom !revolver [X24, X7] in 
    let {[X29, X30]} = observe !alice !bathroom !dead_body [X25, X26] in 
    let {[X31, X32]} = pickup !bob !bedroom !revolver [X27, [X28, portable/revolver]] in 
    let {[X33, X34]} = observe !alice !bathroom !dead_body [X29, X30] in 
    let {[X35, X36]} = drop !bob !bedroom !revolver [X31, X32] in 
    let {[X37, X38]} = pickup !bob !bedroom !revolver [X35, [X36, portable/revolver]] in 
    let {[X39, X40]} = observe !alice !bathroom !dead_body [X33, X34] in 
    let {X41} = move !bob !bedroom !courtyard [X37, -11] in 
    let {X42} = move !bob !courtyard !front_hall [X41, -6] in 
    let {[X43, X44]} = drop !bob !front_hall !revolver [X42, X38] in 
    let {X45} = move !alice !bathroom !bedroom [X39, -5] in 
    let {[X46, X47]} = pickup !bob !front_hall !revolver [X43, [X44, portable/revolver]] in 
    let {[X48, X49]} = drop !bob !front_hall !revolver [X46, X47] in 
    let {[X50, X51]} = observe !bob !front_hall !revolver [X48, X49] in 
    let {X52} = move !bob !front_hall !bedroom [X50, -1] in 
    let {[X53, X54]} = comment_on_location !bob !alice !bedroom [X52, X45] in 
    let {[X55, X56]} = comment_on_location !bob !alice !bedroom [X53, X54] in 
    let {[X57, X58]} = greet !bob !alice !bedroom [X55, X56] in 
    let {[X59, X60]} = comment_on_location !bob !alice !bedroom [X57, X58] in 
    let {X61} = move !bob !bedroom !front_hall [X59, -9] in 
    let {[X62, X63]} = observe !bob !front_hall !revolver [X61, X51] in 
    let {X64} = move !bob !front_hall !bathroom [X62, -] in 
    let {X65} = move !bob !bathroom !front_hall [X64, -3] in 
    let {[X66, X67]} = observe !bob !front_hall !revolver [X65, X63] in 
    let {X68} = move !alice !bedroom !bathroom [X60, -10] in 
    let {[X69, X70]} = observe !bob !front_hall !revolver [X66, X67] in 
    let {[X71, X72]} = observe !bob !front_hall !revolver [X69, X70] in 
    let {[X73, X74]} = observe !alice !bathroom !dead_body [X68, X40] in 
    let {[X75, X76]} = observe !alice !bathroom !dead_body [X73, X74] in 
    let {[X77, X78]} = observe !alice !bathroom !dead_body [X75, X76] in 
    let {[X79, X80]} = observe !bob !front_hall !revolver [X71, X72] in 
    let {[X81, X82]} = pickup !bob !front_hall !revolver [X79, [X80, portable/revolver]] in 
    let {[X83, X84]} = drop !bob !front_hall !revolver [X81, X82] in 
    let {[X85, X86]} = observe !bob !front_hall !revolver [X83, X84] in 
    let {[X87, X88]} = observe !bob !front_hall !revolver [X85, X86] in 
    let {[X89, X90]} = observe !alice !bathroom !dead_body [X77, X78] in 
    let {[X91, X92]} = pickup !bob !front_hall !revolver [X87, [X88, portable/revolver]] in 
    let {[X93, X94]} = observe !alice !bathroom !dead_body [X89, X90] in 
    let {X95} = move !alice !bathroom !bedroom [X93, -5] in 
    let {[X96, X97]} = drop !bob !front_hall !revolver [X91, X92] in 
    let {[X98, X99]} = observe !bob !front_hall !revolver [X96, X97] in 
    let {X100} = move !alice !bedroom !bathroom [X95, -10] in 
    let {X101} = move !bob !front_hall !bedroom [X98, -1] in 
    let {X102} = move !alice !bathroom !bedroom [X100, -5] in 
    let {[X103, X104]} = greet !bob !alice !bedroom [X101, X102] in 
    let {X105} = move !alice !bedroom !courtyard [X104, -11] in 
    let {X106} = move !alice !courtyard !front_hall [X105, -6] in 
    let {[X107, X108]} = pickup !alice !front_hall !revolver [X106, [X99, portable/revolver]] in 
    let {[X109, X110]} = drop !alice !front_hall !revolver [X107, X108] in 
    let {[X111, X112]} = pickup !alice !front_hall !revolver [X109, [X110, portable/revolver]] in 
    let {X113} = move !alice !front_hall !courtyard [X111, -2] in 
    let {X114} = move !alice !courtyard !bathroom [X113, -7] in 
    let {X115} = move !alice !bathroom !bedroom [X114, -5] in 
    let {[X116, [X117, X118]]} = observe_with !bob !alice !bedroom !revolver [X103, [X115, X112]] in 
    let {[X119, X120]} = comment_on_location !bob !alice !bedroom [X116, X117] in 
    let {[X121, [X122, X123]]} = threaten_with_revolver !alice !bob !bedroom [X120, [X119, X118]] in 
    let {X124} = move !alice !bedroom !bathroom [X121, -10] in 
    let {[X125, X126]} = drop !alice !bathroom !revolver [X124, X123] in 
    let {[X127, X128]} = observe !alice !bathroom !revolver [X125, X126] in 
    let {[X129, X130]} = pickup !alice !bathroom !revolver [X127, [X128, portable/revolver]] in 
    let {[X131, X132]} = drop !alice !bathroom !revolver [X129, X130] in 
    let {[X133, X134]} = pickup !alice !bathroom !revolver [X131, [X132, portable/revolver]] in 
    let {[X135, X136]} = observe !alice !bathroom !dead_body [X133, X94] in 
    let {X137} = move !alice !bathroom !bedroom [X135, -5] in 
    let {X138} = move !alice !bedroom !front_hall [X137, -9] in 
    let {[X139, X140]} = drop !alice !front_hall !revolver [X138, X134] in 
    let {X141} = move !bob !bedroom !bathroom [X122, -10] in 
    let {X142} = move !bob !bathroom !bedroom [X141, -5] in 
    let {X143} = move !bob !bedroom !courtyard [X142, -11] in 
    let {[X144, X145]} = pickup !bob !courtyard !maltese_falcon [X143, [X20, portable/mf]] in 
    let {[X146, X147]} = pickup !alice !front_hall !revolver [X139, [X140, portable/revolver]] in 
    let {[X148, X149]} = drop !alice !front_hall !revolver [X146, X147] in 
    let {[X150, X151]} = drop !bob !courtyard !maltese_falcon [X144, X145] in 
    let {[X152, X153]} = observe !bob !courtyard !maltese_falcon [X150, X151] in 
    let {X154} = move !alice !front_hall !courtyard [X148, -2] in 
    let {[X155, X156]} = comment_on_location !bob !alice !courtyard [X152, X154] in 
    let {[X157, X158]} = observe !bob !courtyard !maltese_falcon [X155, X153] in 
    let {[X159, X160]} = observe !alice !courtyard !maltese_falcon [X156, X158] in 
    let {[X161, X162]} = comment_on_location !bob !alice !courtyard [X157, X159] in 
    let {[X163, X164]} = observe !bob !courtyard !maltese_falcon [X161, X160] in 
    let {[X165, X166]} = observe !alice !courtyard !maltese_falcon [X162, X164] in 
    let {[X167, X168]} = comment_on_location !alice !bob !courtyard [X165, X163] in 
    let {[X169, X170]} = observe !alice !courtyard !maltese_falcon [X167, X166] in 
    let {[X171, X172]} = observe !alice !courtyard !maltese_falcon [X169, X170] in 
    let {[X173, X174]} = greet !bob !alice !courtyard [X168, X171] in 
    let {[X175, X176]} = greet !alice !bob !courtyard [X174, X173] in 
    let {[X177, X178]} = observe !alice !courtyard !maltese_falcon [X175, X172] in 
    let {[X179, X180]} = pickup !bob !courtyard !maltese_falcon [X176, [X178, portable/mf]] in 
    let {[X181, [X182, X183]]} = observe_with !alice !bob !courtyard !maltese_falcon [X177, [X179, X180]] in 
    let {X184} = move !alice !courtyard !front_hall [X181, -6] in 
    let {[X185, X186]} = drop !bob !courtyard !maltese_falcon [X182, X183] in 
    let {[X187, X188]} = pickup !alice !front_hall !revolver [X184, [X149, portable/revolver]] in 
    let {[X189, X190]} = pickup !bob !courtyard !maltese_falcon [X185, [X186, portable/mf]] in 
    let {X191} = move !alice !front_hall !bathroom [X187, -] in 
    let {[X192, X193]} = observe !alice !bathroom !dead_body [X191, X136] in 
    let {[X194, X195]} = drop !bob !courtyard !maltese_falcon [X189, X190] in 
    let {[X196, X197]} = drop !alice !bathroom !revolver [X192, X188] in 
    let {X198} = move !bob !courtyard !front_hall [X194, -6] in 
    let {[X199, X200]} = pickup !alice !bathroom !revolver [X196, [X197, portable/revolver]] in 
    let {[X201, X202]} = drop !alice !bathroom !revolver [X199, X200] in 
    let {X203} = move !alice !bathroom !courtyard [X201, -4] in 
    let {X204} = move !bob !front_hall !courtyard [X198, -2] in 
    let {[X205, X206]} = pickup !bob !courtyard !maltese_falcon [X204, [X195, portable/mf]] in 
    let {[X207, X208]} = drop !bob !courtyard !maltese_falcon [X205, X206] in 
    let {[X209, X210]} = observe !bob !courtyard !maltese_falcon [X207, X208] in 
    let {[X211, X212]} = greet !bob !alice !courtyard [X209, X203] in 
    let {[X213, X214]} = greet !alice !bob !courtyard [X212, X211] in 
    let {X215} = move !alice !courtyard !bedroom [X213, -8] in 
    let {[X216, X217]} = pickup !bob !courtyard !maltese_falcon [X214, [X210, portable/mf]] in 
    let {X218} = move !alice !bedroom !bathroom [X215, -10] in 
    let {[X219, X220]} = observe !alice !bathroom !dead_body [X218, X193] in 
    let {X221} = move !alice !bathroom !front_hall [X219, -3] in 
    let {[X222, X223]} = drop !bob !courtyard !maltese_falcon [X216, X217] in 
    let {X224} = move !alice !front_hall !bathroom [X221, -] in 
    let {[X225, X226]} = pickup !alice !bathroom !revolver [X224, [X202, portable/revolver]] in 
    let {X227} = move !alice !bathroom !front_hall [X225, -3] in 
    let {[X228, X229]} = pickup !bob !courtyard !maltese_falcon [X222, [X223, portable/mf]] in 
    let {X230} = move !alice !front_hall !courtyard [X227, -2] in 
    let {X231} = move !alice !courtyard !bathroom [X230, -7] in 
    let {[X232, X233]} = observe !alice !bathroom !dead_body [X231, X220] in 
    let {X234} = move !alice !bathroom !front_hall [X232, -3] in 
    let {X235} = move !bob !courtyard !front_hall [X228, -6] in 
    let {[X236, [X237, X238]]} = observe_with !alice !bob !front_hall !maltese_falcon [X234, [X235, X229]] in 
    let {[X239, X240]} = greet !alice !bob !front_hall [X236, X237] in 
    let {X241} = move !alice !front_hall !bathroom [X239, -] in 
    let {[X242, X243]} = observe !alice !bathroom !dead_body [X241, X233] in 
    let {X244} = move !alice !bathroom !courtyard [X242, -4] in 
    let {X245} = move !bob !front_hall !bathroom [X240, -] in 
    let {[X246, X247]} = drop !bob !bathroom !maltese_falcon [X245, X238] in 
    let {X248} = move !alice !courtyard !bathroom [X244, -7] in 
    let {[X249, [X250, X251]]} = observe_with !bob !alice !bathroom !revolver [X246, [X248, X226]] in 
    let {[X252, [X253, X254]]} = threaten_with_revolver !alice !bob !bathroom [X250, [X249, X251]] in 
    let {X255} = move !bob !bathroom !front_hall [X253, -3] in 
    let {X256} = move !bob !front_hall !courtyard [X255, -2] in 
    let {X257} = move !bob !courtyard !bathroom [X256, -7] in 
    let {[X258, X259]} = pickup !bob !bathroom !maltese_falcon [X257, [X247, portable/mf]] in 
    let {[X260, X261]} = greet !alice !bob !bathroom [X252, X258] in 
    let {[X262, X263]} = observe !bob !bathroom !dead_body [X261, X243] in 
    let {[X264, [X265, X266]]} = threaten_with_revolver !alice !bob !bathroom [X260, [X262, X254]] in 
    let {X267} = move !bob !bathroom !courtyard [X265, -4] in 
    let {X268} = move !bob !courtyard !bedroom [X267, -8] in 
    let {X269} = move !alice !bathroom !front_hall [X264, -3] in 
    let {X270} = move !bob !bedroom !courtyard [X268, -11] in 
    let {[X271, X272]} = drop !bob !courtyard !maltese_falcon [X270, X259] in 
    let {[X273, X274]} = pickup !bob !courtyard !maltese_falcon [X271, [X272, portable/mf]] in 
    let {X275} = move !alice !front_hall !bathroom [X269, -] in 
    let {[X276, X277]} = drop !alice !bathroom !revolver [X275, X266] in 
    let {[X278, X279]} = drop !bob !courtyard !maltese_falcon [X273, X274] in 
    let {[X280, X281]} = observe !alice !bathroom !dead_body [X276, X263] in 
    let {X282} = move !alice !bathroom !courtyard [X280, -4] in 
    let {[X283, X284]} = greet !alice !bob !courtyard [X282, X278] in 
    let {[X285, X286]} = comment_on_location !alice !bob !courtyard [X283, X284] in 
    let {[X287, X288]} = greet !alice !bob !courtyard [X285, X286] in 
    let {[X289, X290]} = greet !alice !bob !courtyard [X287, X288] in 
    let {[X291, X292]} = pickup !bob !courtyard !maltese_falcon [X290, [X279, portable/mf]] in 
    let {[X293, X294]} = comment_on_location !alice !bob !courtyard [X289, X291] in 
    let {[X295, X296]} = greet !alice !bob !courtyard [X293, X294] in 
    let {X297} = move !bob !courtyard !bathroom [X296, -7] in 
    let {[X298, X299]} = observe !bob !bathroom !revolver [X297, X277] in 
    let {[X300, X301]} = pickup !bob !bathroom !revolver [X298, [X299, portable/revolver]] in 
    let {[X302, X303]} = observe !bob !bathroom !dead_body [X300, X281] in 
    let {[X304, X305]} = observe !bob !bathroom !dead_body [X302, X303] in 
    let {X306} = move !bob !bathroom !bedroom [X304, -5] in 
    let {X307} = move !bob !bedroom !bathroom [X306, -10] in 
    let {[X308, X309]} = drop !bob !bathroom !maltese_falcon [X307, X292] in 
    let {[X310, X311]} = pickup !bob !bathroom !maltese_falcon [X308, [X309, portable/mf]] in 
    let {[X312, X313]} = drop !bob !bathroom !revolver [X310, X301] in 
    let {[X314, X315]} = pickup !bob !bathroom !revolver [X312, [X313, portable/revolver]] in 
    let {[X316, X317]} = observe !bob !bathroom !dead_body [X314, X305] in 
    let {X318} = move !alice !courtyard !bedroom [X295, -8] in 
    let {[X319, X320]} = observe !bob !bathroom !dead_body [X316, X317] in 
    let {X321} = move !alice !bedroom !bathroom [X318, -10] in 
    let {[X322, [X323, X324]]} = threaten_with_revolver !bob !alice !bathroom [X319, [X321, X315]] in 
    let {[X325, X326]} = drop !bob !bathroom !revolver [X322, X324] in 
    let {X327} = move !alice !bathroom !bedroom [X323, -5] in 
    let {X328} = move !bob !bathroom !front_hall [X325, -3] in 
    let {[X329, X330]} = drop !bob !front_hall !maltese_falcon [X328, X311] in 
    let {[X331, X332]} = pickup !bob !front_hall !maltese_falcon [X329, [X330, portable/mf]] in 
    let {[X333, X334]} = drop !bob !front_hall !maltese_falcon [X331, X332] in 
    let {X335} = move !alice !bedroom !front_hall [X327, -9] in 
    let {[X336, X337]} = observe !alice !front_hall !maltese_falcon [X335, X334] in 
    let {[X338, X339]} = pickup !alice !front_hall !maltese_falcon [X336, [X337, portable/mf]] in 
    let {[X340, X341]} = greet !bob !alice !front_hall [X333, X338] in 
    let {[X342, X343]} = greet !bob !alice !front_hall [X340, X341] in 
    let {[X344, X345]} = drop !alice !front_hall !maltese_falcon [X343, X339] in 
    let {[X346, X347]} = pickup !alice !front_hall !maltese_falcon [X344, [X345, portable/mf]] in 
    let {[X348, X349]} = comment_on_location !alice !bob !front_hall [X346, X342] in 
    let {[X350, X351]} = comment_on_location !bob !alice !front_hall [X349, X348] in 
    let {[X352, [X353, X354]]} = observe_with !bob !alice !front_hall !maltese_falcon [X350, [X351, X347]] in 
    let {1} = leave [X352, X353] in [X354, [X320, X326]]}
 #DBloc = inroom !bathroom
 #MFloc = has !alice
 #RevolverLoc = inroom !bathroom
Iteration 10
Solution: \[X1, [X2, [X3, [X4, X5]]]]. {
    let {[X6, X7]} = pickup !alice !bedroom !revolver [X1, [X3, portable/revolver]] in 
    let {X8} = move !bob !front_hall !bathroom [X2, -] in 
    let {[X9, X10]} = drop !alice !bedroom !revolver [X6, X7] in 
    let {[X11, X12]} = pickup !alice !bedroom !revolver [X9, [X10, portable/revolver]] in 
    let {[X13, X14]} = drop !alice !bedroom !revolver [X11, X12] in 
    let {[X15, X16]} = observe !bob !bathroom !dead_body [X8, X5] in 
    let {[X17, X18]} = pickup !alice !bedroom !revolver [X13, [X14, portable/revolver]] in 
    let {[X19, X20]} = drop !alice !bedroom !revolver [X17, X18] in 
    let {[X21, X22]} = observe !alice !bedroom !revolver [X19, X20] in 
    let {[X23, X24]} = pickup !alice !bedroom !revolver [X21, [X22, portable/revolver]] in 
    let {[X25, X26]} = drop !alice !bedroom !revolver [X23, X24] in 
    let {X27} = move !bob !bathroom !front_hall [X15, -3] in 
    let {X28} = move !bob !front_hall !bedroom [X27, -1] in 
    let {[X29, X30]} = comment_on_location !alice !bob !bedroom [X25, X28] in 
    let {[X31, X32]} = pickup !bob !bedroom !revolver [X30, [X26, portable/revolver]] in 
    let {[X33, X34]} = greet !bob !alice !bedroom [X31, X29] in 
    let {[X35, X36]} = drop !bob !bedroom !revolver [X33, X32] in 
    let {X37} = move !bob !bedroom !courtyard [X35, -11] in 
    let {X38} = move !bob !courtyard !front_hall [X37, -6] in 
    let {[X39, X40]} = pickup !alice !bedroom !revolver [X34, [X36, portable/revolver]] in 
    let {[X41, X42]} = drop !alice !bedroom !revolver [X39, X40] in 
    let {[X43, X44]} = observe !alice !bedroom !revolver [X41, X42] in 
    let {X45} = move !bob !front_hall !courtyard [X38, -2] in 
    let {X46} = move !bob !courtyard !bathroom [X45, -7] in 
    let {[X47, X48]} = observe !bob !bathroom !dead_body [X46, X16] in 
    let {[X49, X50]} = pickup !alice !bedroom !revolver [X43, [X44, portable/revolver]] in 
    let {X51} = move !alice !bedroom !front_hall [X49, -9] in 
    let {X52} = move !bob !bathroom !courtyard [X47, -4] in 
    let {[X53, X54]} = pickup !bob !courtyard !maltese_falcon [X52, [X4, portable/mf]] in 
    let {[X55, X56]} = drop !bob !courtyard !maltese_falcon [X53, X54] in 
    let {X57} = move !bob !courtyard !bedroom [X55, -8] in 
    let {[X58, X59]} = drop !alice !front_hall !revolver [X51, X50] in 
    let {X60} = move !bob !bedroom !courtyard [X57, -11] in 
    let {[X61, X62]} = pickup !bob !courtyard !maltese_falcon [X60, [X56, portable/mf]] in 
    let {X63} = move !bob !courtyard !bedroom [X61, -8] in 
    let {[X64, X65]} = pickup !alice !front_hall !revolver [X58, [X59, portable/revolver]] in 
    let {[X66, X67]} = drop !bob !bedroom !maltese_falcon [X63, X62] in 
    let {[X68, X69]} = pickup !bob !bedroom !maltese_falcon [X66, [X67, portable/mf]] in 
    let {[X70, X71]} = drop !bob !bedroom !maltese_falcon [X68, X69] in 
    let {[X72, X73]} = drop !alice !front_hall !revolver [X64, X65] in 
    let {[X74, X75]} = pickup !alice !front_hall !revolver [X72, [X73, portable/revolver]] in 
    let {X76} = move !bob !bedroom !front_hall [X70, -9] in 
    let {[X77, X78]} = drop !alice !front_hall !revolver [X74, X75] in 
    let {1} = leave [X76, X77] in [X71, [X48, X78]]}
 #DBloc = inroom !bathroom
 #MFloc = inroom !bedroom
 #RevolverLoc = inroom !front_hall
[closing alicebob.clf]
